Checking for new versions...

2025-09-27 17:35:06   --> ]8;;https://dashboard.stripe.com/test/events?type=setup_intent.created\setup_intent.created]8;;\ []8;;https://dashboard.stripe.com/test/events/evt_1SC15SPB7nCgnfEPpTwgJ2Nk\evt_1SC15SPB7nCgnfEPpTwgJ2Nk]8;;\]
2025-09-27 17:35:06   --> ]8;;https://dashboard.stripe.com/test/events?type=setup_intent.created\setup_intent.created]8;;\ []8;;https://dashboard.stripe.com/test/events/evt_1SC15SPB7nCgnfEPDsEyXJJz\evt_1SC15SPB7nCgnfEPDsEyXJJz]8;;\]
2025-09-27 17:35:06  <--  [200] POST http://localhost:3001/api/webhooks/stripe []8;;https://dashboard.stripe.com/test/events/evt_1SC15SPB7nCgnfEPpTwgJ2Nk\evt_1SC15SPB7nCgnfEPpTwgJ2Nk]8;;\]
2025-09-27 17:35:06  <--  [200] POST http://localhost:3001/api/webhooks/stripe []8;;https://dashboard.stripe.com/test/events/evt_1SC15SPB7nCgnfEPDsEyXJJz\evt_1SC15SPB7nCgnfEPDsEyXJJz]8;;\]
2025-09-27 17:35:24   --> ]8;;https://dashboard.stripe.com/test/events?type=payment_method.attached\payment_method.attached]8;;\ []8;;https://dashboard.stripe.com/test/events/evt_1SC15kPB7nCgnfEPAnUkQkIm\evt_1SC15kPB7nCgnfEPAnUkQkIm]8;;\]
2025-09-27 17:35:24  <--  [200] POST http://localhost:3001/api/webhooks/stripe []8;;https://dashboard.stripe.com/test/events/evt_1SC15kPB7nCgnfEPAnUkQkIm\evt_1SC15kPB7nCgnfEPAnUkQkIm]8;;\]
2025-09-27 17:35:24   --> ]8;;https://dashboard.stripe.com/test/events?type=setup_intent.succeeded\setup_intent.succeeded]8;;\ []8;;https://dashboard.stripe.com/test/events/evt_1SC15kPB7nCgnfEPC1OZHwhP\evt_1SC15kPB7nCgnfEPC1OZHwhP]8;;\]
2025-09-27 17:35:24  <--  [200] POST http://localhost:3001/api/webhooks/stripe []8;;https://dashboard.stripe.com/test/events/evt_1SC15kPB7nCgnfEPC1OZHwhP\evt_1SC15kPB7nCgnfEPC1OZHwhP]8;;\]
2025-09-27 17:35:25   --> ]8;;https://dashboard.stripe.com/test/events?type=customer.updated\customer.updated]8;;\ []8;;https://dashboard.stripe.com/test/events/evt_1SC15lPB7nCgnfEP0eV0JayE\evt_1SC15lPB7nCgnfEP0eV0JayE]8;;\]
2025-09-27 17:35:25  <--  [200] POST http://localhost:3001/api/webhooks/stripe []8;;https://dashboard.stripe.com/test/events/evt_1SC15lPB7nCgnfEP0eV0JayE\evt_1SC15lPB7nCgnfEP0eV0JayE]8;;\]
2025-09-27 17:35:27   --> ]8;;https://dashboard.stripe.com/test/events?type=setup_intent.created\setup_intent.created]8;;\ []8;;https://dashboard.stripe.com/test/events/evt_1SC15nPB7nCgnfEPndSV3I3u\evt_1SC15nPB7nCgnfEPndSV3I3u]8;;\]
2025-09-27 17:35:27  <--  [200] POST http://localhost:3001/api/webhooks/stripe []8;;https://dashboard.stripe.com/test/events/evt_1SC15nPB7nCgnfEPndSV3I3u\evt_1SC15nPB7nCgnfEPndSV3I3u]8;;\]
2025-09-27 17:36:21   --> ]8;;https://dashboard.stripe.com/test/events?type=setup_intent.created\setup_intent.created]8;;\ []8;;https://dashboard.stripe.com/test/events/evt_1SC16fPB7nCgnfEPRf1FCB4U\evt_1SC16fPB7nCgnfEPRf1FCB4U]8;;\]
2025-09-27 17:36:21  <--  [200] POST http://localhost:3001/api/webhooks/stripe []8;;https://dashboard.stripe.com/test/events/evt_1SC16fPB7nCgnfEPRf1FCB4U\evt_1SC16fPB7nCgnfEPRf1FCB4U]8;;\]
2025-09-27 22:47:05   --> ]8;;https://dashboard.stripe.com/test/events?type=customer.subscription.updated\customer.subscription.updated]8;;\ []8;;https://dashboard.stripe.com/test/events/evt_1SC5xNPB7nCgnfEPF4TpuhT1\evt_1SC5xNPB7nCgnfEPF4TpuhT1]8;;\]
2025-09-27 22:47:05  <--  [200] POST http://localhost:3001/api/webhooks/stripe []8;;https://dashboard.stripe.com/test/events/evt_1SC5xNPB7nCgnfEPF4TpuhT1\evt_1SC5xNPB7nCgnfEPF4TpuhT1]8;;\]
2025-09-27 23:37:43   --> ]8;;https://dashboard.stripe.com/test/events?type=customer.created\customer.created]8;;\ []8;;https://dashboard.stripe.com/test/events/evt_1SC6kNPB7nCgnfEPeYUMA4Qm\evt_1SC6kNPB7nCgnfEPeYUMA4Qm]8;;\]
2025-09-27 23:37:43  <--  [200] POST http://localhost:3001/api/webhooks/stripe []8;;https://dashboard.stripe.com/test/events/evt_1SC6kNPB7nCgnfEPeYUMA4Qm\evt_1SC6kNPB7nCgnfEPeYUMA4Qm]8;;\]
2025-09-27 23:37:44   --> ]8;;https://dashboard.stripe.com/test/events?type=payment_intent.created\payment_intent.created]8;;\ []8;;https://dashboard.stripe.com/test/events/evt_3SC6kNPB7nCgnfEP03VnQ5RH\evt_3SC6kNPB7nCgnfEP03VnQ5RH]8;;\]
2025-09-27 23:37:44  <--  [200] POST http://localhost:3001/api/webhooks/stripe []8;;https://dashboard.stripe.com/test/events/evt_3SC6kNPB7nCgnfEP03VnQ5RH\evt_3SC6kNPB7nCgnfEP03VnQ5RH]8;;\]
2025-09-27 23:38:00   --> ]8;;https://dashboard.stripe.com/test/events?type=charge.succeeded\charge.succeeded]8;;\ []8;;https://dashboard.stripe.com/test/events/evt_3SC6kNPB7nCgnfEP0PtGtxSd\evt_3SC6kNPB7nCgnfEP0PtGtxSd]8;;\]
2025-09-27 23:38:00   --> ]8;;https://dashboard.stripe.com/test/events?type=payment_method.attached\payment_method.attached]8;;\ []8;;https://dashboard.stripe.com/test/events/evt_1SC6kePB7nCgnfEPfL0gpCQU\evt_1SC6kePB7nCgnfEPfL0gpCQU]8;;\]
2025-09-27 23:38:00  <--  [200] POST http://localhost:3001/api/webhooks/stripe []8;;https://dashboard.stripe.com/test/events/evt_3SC6kNPB7nCgnfEP0PtGtxSd\evt_3SC6kNPB7nCgnfEP0PtGtxSd]8;;\]
2025-09-27 23:38:00  <--  [200] POST http://localhost:3001/api/webhooks/stripe []8;;https://dashboard.stripe.com/test/events/evt_1SC6kePB7nCgnfEPfL0gpCQU\evt_1SC6kePB7nCgnfEPfL0gpCQU]8;;\]
2025-09-27 23:38:00   --> ]8;;https://dashboard.stripe.com/test/events?type=payment_intent.succeeded\payment_intent.succeeded]8;;\ []8;;https://dashboard.stripe.com/test/events/evt_3SC6kNPB7nCgnfEP0QSfkdyP\evt_3SC6kNPB7nCgnfEP0QSfkdyP]8;;\]
2025-09-27 23:38:02  <--  [200] POST http://localhost:3001/api/webhooks/stripe []8;;https://dashboard.stripe.com/test/events/evt_3SC6kNPB7nCgnfEP0QSfkdyP\evt_3SC6kNPB7nCgnfEP0QSfkdyP]8;;\]
2025-09-27 23:38:02   --> ]8;;https://dashboard.stripe.com/test/events?type=setup_intent.created\setup_intent.created]8;;\ []8;;https://dashboard.stripe.com/test/events/evt_1SC6kgPB7nCgnfEPyYwTmAQE\evt_1SC6kgPB7nCgnfEPyYwTmAQE]8;;\]
2025-09-27 23:38:02  <--  [200] POST http://localhost:3001/api/webhooks/stripe []8;;https://dashboard.stripe.com/test/events/evt_1SC6kgPB7nCgnfEPyYwTmAQE\evt_1SC6kgPB7nCgnfEPyYwTmAQE]8;;\]
2025-09-27 23:38:02   --> ]8;;https://dashboard.stripe.com/test/events?type=customer.updated\customer.updated]8;;\ []8;;https://dashboard.stripe.com/test/events/evt_1SC6kgPB7nCgnfEPUx2XTZ4p\evt_1SC6kgPB7nCgnfEPUx2XTZ4p]8;;\]
2025-09-27 23:38:02  <--  [200] POST http://localhost:3001/api/webhooks/stripe []8;;https://dashboard.stripe.com/test/events/evt_1SC6kgPB7nCgnfEPUx2XTZ4p\evt_1SC6kgPB7nCgnfEPUx2XTZ4p]8;;\]
2025-09-27 23:38:02   --> ]8;;https://dashboard.stripe.com/test/events?type=customer.subscription.created\customer.subscription.created]8;;\ []8;;https://dashboard.stripe.com/test/events/evt_1SC6kgPB7nCgnfEPubXH1JPt\evt_1SC6kgPB7nCgnfEPubXH1JPt]8;;\]
2025-09-27 23:38:02  <--  [200] POST http://localhost:3001/api/webhooks/stripe []8;;https://dashboard.stripe.com/test/events/evt_1SC6kgPB7nCgnfEPubXH1JPt\evt_1SC6kgPB7nCgnfEPubXH1JPt]8;;\]
2025-09-27 23:38:02   --> ]8;;https://dashboard.stripe.com/test/events?type=invoice.created\invoice.created]8;;\ []8;;https://dashboard.stripe.com/test/events/evt_1SC6kgPB7nCgnfEPtvmjmKPl\evt_1SC6kgPB7nCgnfEPtvmjmKPl]8;;\]
2025-09-27 23:38:02  <--  [200] POST http://localhost:3001/api/webhooks/stripe []8;;https://dashboard.stripe.com/test/events/evt_1SC6kgPB7nCgnfEPtvmjmKPl\evt_1SC6kgPB7nCgnfEPtvmjmKPl]8;;\]
2025-09-27 23:38:03   --> ]8;;https://dashboard.stripe.com/test/events?type=invoice.finalized\invoice.finalized]8;;\ []8;;https://dashboard.stripe.com/test/events/evt_1SC6kgPB7nCgnfEP0nqPGgH7\evt_1SC6kgPB7nCgnfEP0nqPGgH7]8;;\]
2025-09-27 23:38:03  <--  [200] POST http://localhost:3001/api/webhooks/stripe []8;;https://dashboard.stripe.com/test/events/evt_1SC6kgPB7nCgnfEP0nqPGgH7\evt_1SC6kgPB7nCgnfEP0nqPGgH7]8;;\]
2025-09-27 23:38:03   --> ]8;;https://dashboard.stripe.com/test/events?type=invoice.paid\invoice.paid]8;;\ []8;;https://dashboard.stripe.com/test/events/evt_1SC6kgPB7nCgnfEPptEylUaS\evt_1SC6kgPB7nCgnfEPptEylUaS]8;;\]
2025-09-27 23:38:03  <--  [200] POST http://localhost:3001/api/webhooks/stripe []8;;https://dashboard.stripe.com/test/events/evt_1SC6kgPB7nCgnfEPptEylUaS\evt_1SC6kgPB7nCgnfEPptEylUaS]8;;\]
2025-09-27 23:38:03   --> ]8;;https://dashboard.stripe.com/test/events?type=charge.updated\charge.updated]8;;\ []8;;https://dashboard.stripe.com/test/events/evt_3SC6kNPB7nCgnfEP0W8dP6rd\evt_3SC6kNPB7nCgnfEP0W8dP6rd]8;;\]
2025-09-27 23:38:03  <--  [200] POST http://localhost:3001/api/webhooks/stripe []8;;https://dashboard.stripe.com/test/events/evt_3SC6kNPB7nCgnfEP0W8dP6rd\evt_3SC6kNPB7nCgnfEP0W8dP6rd]8;;\]
2025-09-27 23:38:03   --> ]8;;https://dashboard.stripe.com/test/events?type=invoice.payment_succeeded\invoice.payment_succeeded]8;;\ []8;;https://dashboard.stripe.com/test/events/evt_1SC6khPB7nCgnfEP1TwkrrtS\evt_1SC6khPB7nCgnfEP1TwkrrtS]8;;\]
2025-09-27 23:38:03  <--  [200] POST http://localhost:3001/api/webhooks/stripe []8;;https://dashboard.stripe.com/test/events/evt_1SC6khPB7nCgnfEP1TwkrrtS\evt_1SC6khPB7nCgnfEP1TwkrrtS]8;;\]
2025-09-27 23:38:03   --> ]8;;https://dashboard.stripe.com/test/events?type=customer.updated\customer.updated]8;;\ []8;;https://dashboard.stripe.com/test/events/evt_1SC6khPB7nCgnfEPBqPls1lQ\evt_1SC6khPB7nCgnfEPBqPls1lQ]8;;\]
2025-09-27 23:38:03  <--  [200] POST http://localhost:3001/api/webhooks/stripe []8;;https://dashboard.stripe.com/test/events/evt_1SC6khPB7nCgnfEPBqPls1lQ\evt_1SC6khPB7nCgnfEPBqPls1lQ]8;;\]
2025-09-27 23:55:31   --> ]8;;https://dashboard.stripe.com/test/events?type=invoiceitem.created\invoiceitem.created]8;;\ []8;;https://dashboard.stripe.com/test/events/evt_1SC71aPB7nCgnfEPH8TPm2Qv\evt_1SC71aPB7nCgnfEPH8TPm2Qv]8;;\]
2025-09-27 23:55:31  <--  [200] POST http://localhost:3001/api/webhooks/stripe []8;;https://dashboard.stripe.com/test/events/evt_1SC71aPB7nCgnfEPH8TPm2Qv\evt_1SC71aPB7nCgnfEPH8TPm2Qv]8;;\]
2025-09-27 23:55:31   --> ]8;;https://dashboard.stripe.com/test/events?type=invoice.created\invoice.created]8;;\ []8;;https://dashboard.stripe.com/test/events/evt_1SC71bPB7nCgnfEP1gWjbJIn\evt_1SC71bPB7nCgnfEP1gWjbJIn]8;;\]
2025-09-27 23:55:31  <--  [200] POST http://localhost:3001/api/webhooks/stripe []8;;https://dashboard.stripe.com/test/events/evt_1SC71bPB7nCgnfEP1gWjbJIn\evt_1SC71bPB7nCgnfEP1gWjbJIn]8;;\]
2025-09-27 23:55:31   --> ]8;;https://dashboard.stripe.com/test/events?type=customer.subscription.updated\customer.subscription.updated]8;;\ []8;;https://dashboard.stripe.com/test/events/evt_1SC71aPB7nCgnfEPWmqhcqnc\evt_1SC71aPB7nCgnfEPWmqhcqnc]8;;\]
2025-09-27 23:55:32  <--  [200] POST http://localhost:3001/api/webhooks/stripe []8;;https://dashboard.stripe.com/test/events/evt_1SC71aPB7nCgnfEPWmqhcqnc\evt_1SC71aPB7nCgnfEPWmqhcqnc]8;;\]
2025-09-27 23:55:32   --> ]8;;https://dashboard.stripe.com/test/events?type=invoice.updated\invoice.updated]8;;\ []8;;https://dashboard.stripe.com/test/events/evt_1SC71cPB7nCgnfEPxyqriG2E\evt_1SC71cPB7nCgnfEPxyqriG2E]8;;\]
2025-09-27 23:55:32  <--  [200] POST http://localhost:3001/api/webhooks/stripe []8;;https://dashboard.stripe.com/test/events/evt_1SC71cPB7nCgnfEPxyqriG2E\evt_1SC71cPB7nCgnfEPxyqriG2E]8;;\]
2025-09-27 23:55:32   --> ]8;;https://dashboard.stripe.com/test/events?type=invoice.finalized\invoice.finalized]8;;\ []8;;https://dashboard.stripe.com/test/events/evt_1SC71cPB7nCgnfEPQ4bW8rr4\evt_1SC71cPB7nCgnfEPQ4bW8rr4]8;;\]
2025-09-27 23:55:32  <--  [200] POST http://localhost:3001/api/webhooks/stripe []8;;https://dashboard.stripe.com/test/events/evt_1SC71cPB7nCgnfEPQ4bW8rr4\evt_1SC71cPB7nCgnfEPQ4bW8rr4]8;;\]
2025-09-27 23:55:32   --> ]8;;https://dashboard.stripe.com/test/events?type=invoice.paid\invoice.paid]8;;\ []8;;https://dashboard.stripe.com/test/events/evt_1SC71cPB7nCgnfEP7YrSkgin\evt_1SC71cPB7nCgnfEP7YrSkgin]8;;\]
2025-09-27 23:55:32  <--  [200] POST http://localhost:3001/api/webhooks/stripe []8;;https://dashboard.stripe.com/test/events/evt_1SC71cPB7nCgnfEP7YrSkgin\evt_1SC71cPB7nCgnfEP7YrSkgin]8;;\]
2025-09-27 23:55:32   --> ]8;;https://dashboard.stripe.com/test/events?type=invoice.payment_succeeded\invoice.payment_succeeded]8;;\ []8;;https://dashboard.stripe.com/test/events/evt_1SC71cPB7nCgnfEPLO338hKH\evt_1SC71cPB7nCgnfEPLO338hKH]8;;\]
2025-09-27 23:55:32  <--  [200] POST http://localhost:3001/api/webhooks/stripe []8;;https://dashboard.stripe.com/test/events/evt_1SC71cPB7nCgnfEPLO338hKH\evt_1SC71cPB7nCgnfEPLO338hKH]8;;\]
